<?xml version="1.0" encoding="UTF-8"?>
<testsuite xmlns:xsi="http://www.w3.org/2001/XMLSchema-instance" xsi:noNamespaceSchemaLocation="https://maven.apache.org/surefire/maven-surefire-plugin/xsd/surefire-test-report-3.0.xsd" version="3.0" name="br.com.core.capy.CapyApplicationTests" time="4.094" tests="1" errors="0" skipped="0" failures="0">
  <properties>
[...]
</properties>
  <testcase name="contextLoads" classname="br.com.core.capy.CapyApplicationTests" time="0.54">
    <system-out><![CDATA[10:28:21.337 [main] INFO org.springframework.test.context.support.AnnotationConfigContextLoaderUtils -- Could not detect default configuration classes for test class [br.com.core.capy.CapyApplicationTests]: CapyApplicationTests does not declare any static, non-private, non-final, nested classes annotated with @Configuration.
10:28:21.421 [main] INFO org.springframework.boot.test.context.SpringBootTestContextBootstrapper -- Found @SpringBootConfiguration br.com.core.capy.CapyApplication for test class br.com.core.capy.CapyApplicationTests
  .   ____          _            __ _ _
 /\\ / ___'_ __ _ _(_)_ __  __ _ \ \ \ \
( ( )\___ | '_ | '_| | '_ \/ _` | \ \ \ \
 \\/  ___)| |_)| | | | | || (_| |  ) ) ) )
  '  |____| .__|_| |_|_| |_\__, | / / / /
 =========|_|==============|___/=/_/_/_/

 :: Spring Boot ::                (v3.3.0)

2024-06-04T10:28:21.860-03:00  INFO 886 --- [capy] [           main] br.com.core.capy.CapyApplicationTests    : Starting CapyApplicationTests using Java 21.0.2 with PID 886 (started by heloisasouza in /home/heloisasouza/Downloads/capy)
2024-06-04T10:28:21.863-03:00  INFO 886 --- [capy] [           main] br.com.core.capy.CapyApplicationTests    : No active profile set, falling back to 1 default profile: "default"
2024-06-04T10:28:22.452-03:00  INFO 886 --- [capy] [           main] .s.d.r.c.RepositoryConfigurationDelegate : Bootstrapping Spring Data JPA repositories in DEFAULT mode.
2024-06-04T10:28:22.471-03:00  INFO 886 --- [capy] [           main] .s.d.r.c.RepositoryConfigurationDelegate : Finished Spring Data repository scanning in 11 ms. Found 0 JPA repository interfaces.
2024-06-04T10:28:22.954-03:00  INFO 886 --- [capy] [           main] com.zaxxer.hikari.HikariDataSource       : HikariPool-1 - Starting...
2024-06-04T10:28:23.132-03:00  INFO 886 --- [capy] [           main] com.zaxxer.hikari.pool.HikariPool        : HikariPool-1 - Added connection conn0: url=jdbc:h2:mem:ad2c5d78-5a9c-4dac-b3cd-fbe85d6e143f user=SA
2024-06-04T10:28:23.133-03:00  INFO 886 --- [capy] [           main] com.zaxxer.hikari.HikariDataSource       : HikariPool-1 - Start completed.
2024-06-04T10:28:23.183-03:00  INFO 886 --- [capy] [           main] o.hibernate.jpa.internal.util.LogHelper  : HHH000204: Processing PersistenceUnitInfo [name: default]
2024-06-04T10:28:23.223-03:00  INFO 886 --- [capy] [           main] org.hibernate.Version                    : HHH000412: Hibernate ORM core version 6.5.2.Final
2024-06-04T10:28:23.265-03:00  INFO 886 --- [capy] [           main] o.h.c.internal.RegionFactoryInitiator    : HHH000026: Second-level cache disabled
2024-06-04T10:28:23.566-03:00  INFO 886 --- [capy] [           main] o.s.o.j.p.SpringPersistenceUnitInfo      : No LoadTimeWeaver setup: ignoring JPA class transformer
2024-06-04T10:28:23.907-03:00  INFO 886 --- [capy] [           main] o.h.e.t.j.p.i.JtaPlatformInitiator       : HHH000489: No JTA platform available (set 'hibernate.transaction.jta.platform' to enable JTA platform integration)
2024-06-04T10:28:23.915-03:00  INFO 886 --- [capy] [           main] j.LocalContainerEntityManagerFactoryBean : Initialized JPA EntityManagerFactory for persistence unit 'default'
2024-06-04T10:28:24.146-03:00  WARN 886 --- [capy] [           main] JpaBaseConfiguration$JpaWebConfiguration : spring.jpa.open-in-view is enabled by default. Therefore, database queries may be performed during view rendering. Explicitly configure spring.jpa.open-in-view to disable this warning
2024-06-04T10:28:24.726-03:00  INFO 886 --- [capy] [           main] br.com.core.capy.CapyApplicationTests    : Started CapyApplicationTests in 3.191 seconds (process running for 3.947)
]]></system-out>
    <system-err><![CDATA[WARNING: A Java agent has been loaded dynamically (/home/heloisasouza/.m2/repository/net/bytebuddy/byte-buddy-agent/1.14.16/byte-buddy-agent-1.14.16.jar)
WARNING: If a serviceability tool is in use, please run with -XX:+EnableDynamicAgentLoading to hide this warning
WARNING: If a serviceability tool is not in use, please run with -Djdk.instrument.traceUsage for more information
WARNING: Dynamic loading of agents will be disallowed by default in a future release
]]></system-err>
  </testcase>
</testsuite>